14:37:54  Info:  Program started by Zhu
14:37:59  Info:  Continuous run started
14:38:16  Info:  Continuous run stopped
14:38:17  Info:  Updated roi_x1: 866
14:38:17  Info:  Updated roi_x2: 1801
14:38:17  Info:  Updated roi_y1: 1228
14:38:17  Info:  Updated roi_y2: 2046
14:38:18  Info:  Updated the ROI
14:38:19  Info:  Continuous run started
14:38:42  Info:  Parameters updated
14:38:42  Info:  Measurement: Sample
14:38:52  Error:  Tried to snap while in free run
14:38:54  Info:  Continuous run stopped
14:38:57  Info:  Snapped photo
14:39:02  Info:  Saved photo
14:39:23  Info:  Continuous run started
14:39:36  Info:  Continuous run stopped
14:39:38  Info:  Snapped photo
14:39:40  Info:  Saved photo
14:39:45  Info:  Continuous run started
14:40:26  Info:  Continuous run stopped
14:40:29  Info:  Snapped photo
14:40:30  Info:  Saved photo
14:40:30  Info:  Continuous run started
14:40:41  Info:  Continuous run stopped
14:40:42  Info:  Snapped photo
14:40:43  Info:  Saved photo
14:40:44  Info:  Continuous run started
14:40:53  Info:  Continuous run stopped
14:40:55  Info:  Snapped photo
14:40:56  Info:  Saved photo
14:41:01  Info:  Continuous run started
14:41:12  Info:  Continuous run stopped
14:41:15  Info:  Snapped photo
14:41:15  Info:  Saved photo
14:41:20  Info:  Continuous run started
14:41:26  Info:  Continuous run stopped
14:41:28  Info:  Snapped photo
14:41:29  Info:  Saved photo
14:41:30  Info:  Continuous run started
14:41:36  Info:  Continuous run stopped
14:41:38  Info:  Snapped photo
14:41:39  Info:  Saved photo
14:41:40  Info:  Continuous run started
14:41:54  Info:  Continuous run stopped
14:41:56  Info:  Snapped photo
14:41:57  Info:  Saved photo
14:41:58  Info:  Continuous run started
14:43:31  Info:  Continuous run stopped
14:43:32  Info:  Snapped photo
14:43:33  Info:  Saved photo
14:43:34  Info:  Continuous run started
14:43:39  Info:  Continuous run stopped
14:43:40  Info:  Snapped photo
14:43:41  Info:  Saved photo
14:43:43  Info:  Continuous run started
14:44:00  Info:  Continuous run stopped
14:44:01  Info:  Snapped photo
14:44:02  Info:  Saved photo
14:44:04  Info:  Continuous run started
14:44:07  Info:  Continuous run stopped
14:44:08  Info:  Snapped photo
14:44:09  Info:  Saved photo
14:44:10  Info:  Continuous run started
14:44:15  Info:  Continuous run stopped
14:44:16  Info:  Snapped photo
14:44:16  Info:  Saved photo
14:44:18  Info:  Continuous run started
14:44:22  Info:  Continuous run stopped
14:44:23  Info:  Snapped photo
14:44:24  Info:  Saved photo
14:44:25  Info:  Continuous run started
14:44:30  Info:  Continuous run stopped
14:44:31  Info:  Snapped photo
14:44:32  Info:  Saved photo
14:44:37  Info:  Continuous run started
14:44:40  Info:  Continuous run stopped
14:44:40  Info:  Snapped photo
14:44:41  Info:  Saved photo
14:44:42  Info:  Continuous run started
14:44:46  Info:  Continuous run stopped
14:44:47  Info:  Snapped photo
14:44:48  Info:  Saved photo
14:44:53  Info:  Continuous run started
14:44:57  Info:  Continuous run stopped
14:44:58  Info:  Snapped photo
14:44:59  Info:  Saved photo
14:45:01  Info:  Continuous run started
14:45:08  Info:  Continuous run stopped
14:45:09  Info:  Snapped photo
14:45:10  Info:  Saved photo
14:45:11  Info:  Continuous run started
14:45:18  Info:  Continuous run stopped
14:45:19  Info:  Snapped photo
14:45:20  Info:  Saved photo
14:45:27  Info:  Continuous run started
14:45:31  Error:  Tried to snap while in free run
14:45:33  Info:  Continuous run stopped
14:45:34  Info:  Snapped photo
14:45:35  Info:  Saved photo
14:45:36  Info:  Continuous run started
14:45:43  Info:  Continuous run stopped
14:45:43  Info:  Snapped photo
14:45:44  Info:  Saved photo
14:45:45  Info:  Continuous run started
14:45:50  Info:  Continuous run stopped
14:45:51  Info:  Snapped photo
14:45:51  Info:  Saved photo
14:45:52  Info:  Continuous run started
14:45:58  Info:  Continuous run stopped
14:46:00  Info:  Snapped photo
14:46:00  Info:  Saved photo
14:46:01  Info:  Continuous run started
14:46:07  Info:  Continuous run stopped
14:46:08  Info:  Snapped photo
14:46:09  Info:  Saved photo
14:46:10  Info:  Continuous run started
14:46:15  Info:  Continuous run stopped
14:46:17  Info:  Snapped photo
14:46:18  Info:  Saved photo
14:46:19  Info:  Continuous run started
14:46:24  Info:  Continuous run stopped
14:46:25  Info:  Snapped photo
14:46:25  Info:  Saved photo
14:46:29  Info:  Continuous run started
14:46:32  Error:  Tried to snap while in free run
14:46:33  Info:  Continuous run stopped
14:46:34  Info:  Snapped photo
14:46:34  Info:  Saved photo
14:46:36  Info:  Continuous run started
14:46:41  Info:  Continuous run stopped
14:46:42  Info:  Snapped photo
14:46:42  Info:  Saved photo
14:46:46  Info:  Continuous run started
14:46:47  Info:  Continuous run stopped
14:46:48  Info:  Snapped photo
14:46:49  Info:  Saved photo
14:46:51  Info:  Continuous run started
14:46:53  Info:  Continuous run stopped
14:46:57  Info:  Continuous run started
14:47:01  Error:  Tried to snap while in free run
14:47:02  Info:  Continuous run stopped
14:47:03  Info:  Snapped photo
14:47:04  Info:  Saved photo
14:47:05  Info:  Continuous run started
14:47:09  Info:  Continuous run stopped
14:47:11  Info:  Snapped photo
14:47:12  Info:  Saved photo
14:47:15  Info:  Continuous run started
14:47:18  Info:  Continuous run stopped
14:47:20  Info:  Snapped photo
14:47:20  Info:  Saved photo
14:47:23  Info:  Continuous run started
14:47:26  Info:  Continuous run stopped
14:47:27  Info:  Saved photo
14:47:31  Info:  Snapped photo
14:47:31  Info:  Saved photo
14:47:34  Info:  Continuous run started
14:47:38  Info:  Continuous run stopped
14:47:38  Info:  Snapped photo
14:47:40  Info:  Saved photo
14:47:41  Info:  Continuous run started
14:47:46  Info:  Continuous run stopped
14:47:48  Info:  Snapped photo
14:47:49  Info:  Saved photo
14:47:50  Info:  Continuous run started
14:47:57  Info:  Continuous run stopped
14:47:59  Info:  Snapped photo
14:48:00  Info:  Saved photo
14:48:03  Info:  Continuous run started
14:48:09  Info:  Continuous run stopped
14:48:11  Info:  Snapped photo
14:48:12  Info:  Saved photo
14:48:13  Info:  Continuous run started
14:48:18  Info:  Continuous run stopped
14:48:19  Info:  Continuous run started
14:48:22  Error:  Tried to snap while in free run
14:48:25  Info:  Continuous run stopped
14:48:26  Info:  Snapped photo
14:48:26  Info:  Saved photo
14:48:27  Info:  Continuous run started
14:48:28  Info:  Continuous run stopped
14:48:29  Info:  Continuous run started
14:48:32  Info:  Continuous run stopped
14:48:37  Info:  Snapped photo
14:48:38  Info:  Saved photo
14:48:40  Info:  Continuous run started
14:48:47  Info:  Continuous run stopped
14:48:48  Info:  Snapped photo
14:48:49  Info:  Saved photo
14:48:53  Info:  Continuous run started
14:48:54  Info:  Continuous run stopped
14:48:56  Info:  Snapped photo
14:48:56  Info:  Saved photo
14:48:58  Info:  Continuous run started
14:49:00  Info:  Continuous run stopped
14:49:02  Info:  Snapped photo
14:49:03  Info:  Saved photo
14:49:07  Info:  Continuous run started
14:49:08  Info:  Continuous run stopped
14:49:10  Info:  Snapped photo
14:49:10  Info:  Saved photo
14:49:12  Info:  Continuous run started
14:49:14  Info:  Continuous run stopped
14:49:15  Info:  Snapped photo
14:49:16  Info:  Saved photo
14:49:17  Info:  Continuous run started
14:49:21  Info:  Continuous run stopped
14:49:22  Info:  Snapped photo
14:49:23  Info:  Saved photo
14:49:25  Info:  Continuous run started
14:49:28  Info:  Continuous run stopped
14:49:30  Info:  Snapped photo
14:49:30  Info:  Saved photo
14:49:31  Info:  Continuous run started
14:49:35  Info:  Continuous run stopped
14:49:36  Info:  Snapped photo
14:49:36  Info:  Saved photo
14:49:37  Info:  Continuous run started
14:49:41  Info:  Continuous run stopped
14:49:42  Info:  Snapped photo
14:49:43  Info:  Saved photo
14:49:44  Info:  Continuous run started
14:49:48  Info:  Continuous run stopped
14:49:49  Info:  Snapped photo
14:49:50  Info:  Saved photo
14:49:53  Info:  Continuous run started
14:49:55  Info:  Continuous run stopped
14:49:56  Info:  Snapped photo
14:49:57  Info:  Saved photo
14:50:00  Info:  Continuous run started
14:50:04  Info:  Continuous run stopped
14:50:06  Info:  Snapped photo
14:50:07  Info:  Saved photo
14:50:08  Info:  Continuous run started
14:50:12  Info:  Continuous run stopped
14:50:16  Info:  Snapped photo
14:50:17  Info:  Saved photo
14:50:33  Info:  Continuous run started
14:51:05  Info:  Continuous run stopped
14:51:06  Info:  Snapped photo
14:51:06  Info:  Saved photo
14:51:07  Info:  Continuous run started
14:51:11  Info:  Continuous run stopped
14:51:12  Info:  Snapped photo
14:51:13  Info:  Saved photo
14:51:14  Info:  Continuous run started
14:51:16  Info:  Continuous run stopped
14:51:18  Info:  Snapped photo
14:51:18  Info:  Saved photo
14:51:19  Info:  Continuous run started
14:51:22  Info:  Continuous run stopped
14:51:23  Info:  Snapped photo
14:51:23  Info:  Saved photo
14:51:25  Info:  Continuous run started
14:51:28  Info:  Continuous run stopped
14:51:29  Info:  Snapped photo
14:51:30  Info:  Saved photo
14:51:31  Info:  Continuous run started
14:51:34  Info:  Continuous run stopped
14:51:35  Info:  Snapped photo
14:51:35  Info:  Saved photo
14:51:37  Info:  Continuous run started
14:51:40  Info:  Continuous run stopped
14:51:42  Info:  Snapped photo
14:51:42  Info:  Saved photo
14:51:43  Info:  Continuous run started
14:51:47  Info:  Continuous run stopped
14:51:48  Info:  Snapped photo
14:51:49  Info:  Saved photo
14:51:50  Info:  Continuous run started
14:51:52  Info:  Continuous run stopped
14:51:53  Info:  Snapped photo
14:51:53  Info:  Saved photo
14:51:54  Info:  Continuous run started
14:51:56  Info:  Continuous run stopped
14:51:57  Info:  Snapped photo
14:51:58  Info:  Saved photo
14:51:59  Info:  Continuous run started
14:52:02  Info:  Continuous run stopped
14:52:03  Info:  Snapped photo
14:52:04  Info:  Saved photo
14:52:05  Info:  Continuous run started
14:52:06  Info:  Continuous run stopped
14:52:08  Info:  Snapped photo
14:52:08  Info:  Saved photo
14:52:10  Info:  Continuous run started
14:52:11  Info:  Continuous run stopped
14:52:12  Info:  Snapped photo
14:52:13  Info:  Saved photo
14:52:13  Info:  Continuous run started
14:52:15  Info:  Continuous run stopped
14:52:17  Info:  Snapped photo
14:52:17  Info:  Saved photo
14:52:19  Info:  Continuous run started
14:52:22  Info:  Continuous run stopped
14:52:23  Info:  Snapped photo
14:52:23  Info:  Saved photo
14:52:25  Info:  Continuous run started
14:52:28  Info:  Continuous run stopped
14:52:29  Info:  Snapped photo
14:52:29  Info:  Saved photo
14:52:30  Info:  Continuous run started
14:52:32  Info:  Continuous run stopped
14:52:33  Info:  Snapped photo
14:52:34  Info:  Saved photo
14:52:35  Info:  Continuous run started
14:52:36  Info:  Continuous run stopped
14:52:37  Info:  Snapped photo
14:52:38  Info:  Saved photo
14:52:39  Info:  Continuous run started
14:52:40  Info:  Continuous run stopped
14:52:41  Info:  Snapped photo
14:52:41  Info:  Saved photo
14:52:42  Info:  Continuous run started
14:52:44  Info:  Continuous run stopped
14:52:45  Info:  Snapped photo
14:52:45  Info:  Saved photo
14:52:46  Info:  Continuous run started
14:52:47  Info:  Continuous run stopped
14:52:48  Info:  Snapped photo
14:52:49  Info:  Saved photo
14:52:50  Info:  Continuous run started
14:52:52  Info:  Continuous run stopped
14:52:53  Info:  Snapped photo
14:52:54  Info:  Saved photo
14:52:55  Info:  Continuous run started
14:52:56  Info:  Continuous run stopped
14:52:57  Info:  Snapped photo
14:52:58  Info:  Saved photo
14:52:59  Info:  Continuous run started
14:53:01  Info:  Continuous run stopped
14:53:02  Info:  Snapped photo
14:53:02  Info:  Saved photo
14:53:03  Info:  Continuous run started
14:53:04  Info:  Continuous run stopped
14:53:05  Info:  Snapped photo
14:53:06  Info:  Saved photo
14:53:07  Info:  Continuous run started
14:53:09  Info:  Continuous run stopped
14:53:10  Info:  Snapped photo
14:53:10  Info:  Saved photo
14:53:11  Info:  Continuous run started
14:53:13  Info:  Continuous run stopped
14:53:14  Info:  Snapped photo
14:53:15  Info:  Saved photo
14:53:16  Info:  Continuous run started
14:53:17  Info:  Continuous run stopped
14:53:18  Info:  Snapped photo
14:53:19  Info:  Saved photo
14:53:20  Info:  Continuous run started
14:53:21  Info:  Continuous run stopped
14:53:22  Info:  Snapped photo
14:53:22  Info:  Saved photo
14:53:23  Info:  Continuous run started
14:53:26  Info:  Continuous run stopped
14:53:27  Info:  Snapped photo
14:53:27  Info:  Saved photo
14:53:29  Info:  Continuous run started
14:53:30  Info:  Continuous run stopped
14:53:31  Info:  Snapped photo
14:53:31  Info:  Saved photo
14:53:33  Info:  Continuous run started
14:53:36  Info:  Continuous run stopped
14:53:37  Info:  Snapped photo
14:53:37  Info:  Saved photo
14:53:39  Info:  Continuous run started
14:53:40  Info:  Continuous run stopped
14:53:41  Info:  Snapped photo
14:53:41  Info:  Saved photo
14:53:42  Info:  Continuous run started
14:53:44  Info:  Continuous run stopped
14:53:46  Info:  Snapped photo
14:53:46  Info:  Saved photo
14:53:47  Info:  Continuous run started
14:53:49  Info:  Continuous run stopped
14:53:50  Info:  Snapped photo
14:53:51  Info:  Saved photo
14:53:52  Info:  Continuous run started
14:53:55  Info:  Continuous run stopped
14:53:56  Info:  Snapped photo
14:53:57  Info:  Saved photo
14:53:58  Info:  Continuous run started
14:54:00  Info:  Continuous run stopped
14:54:01  Info:  Snapped photo
14:54:02  Info:  Saved photo
14:54:03  Info:  Continuous run started
14:54:04  Info:  Continuous run stopped
14:54:05  Info:  Snapped photo
14:54:05  Info:  Saved photo
14:54:07  Info:  Continuous run started
14:54:08  Info:  Continuous run stopped
14:54:09  Info:  Snapped photo
14:54:10  Info:  Saved photo
14:54:12  Info:  Continuous run started
14:54:13  Info:  Continuous run stopped
14:54:14  Info:  Snapped photo
14:54:16  Info:  Saved photo
14:54:16  Info:  Continuous run started
14:54:18  Info:  Continuous run stopped
14:54:19  Info:  Snapped photo
14:54:20  Info:  Saved photo
14:54:21  Info:  Continuous run started
14:54:23  Info:  Continuous run stopped
14:54:24  Info:  Snapped photo
14:54:24  Info:  Saved photo
14:54:26  Info:  Continuous run started
14:54:28  Info:  Continuous run stopped
14:54:30  Info:  Snapped photo
14:54:30  Info:  Saved photo
14:54:31  Info:  Continuous run started
14:54:34  Info:  Continuous run stopped
14:54:35  Info:  Snapped photo
14:54:35  Info:  Saved photo
14:54:36  Info:  Continuous run started
14:54:39  Info:  Continuous run stopped
14:54:40  Info:  Snapped photo
14:54:41  Info:  Saved photo
14:54:42  Info:  Continuous run started
14:54:45  Info:  Continuous run stopped
14:54:45  Info:  Snapped photo
14:54:46  Info:  Saved photo
14:54:47  Info:  Continuous run started
14:54:50  Info:  Continuous run stopped
14:54:51  Info:  Snapped photo
14:54:51  Info:  Saved photo
14:54:52  Info:  Continuous run started
14:54:59  Info:  Continuous run stopped
14:55:01  Info:  Snapped photo
14:55:02  Info:  Saved photo
14:55:03  Info:  Continuous run started
14:55:05  Info:  Continuous run stopped
14:55:06  Info:  Snapped photo
14:55:07  Info:  Saved photo
14:55:08  Info:  Continuous run started
14:55:10  Info:  Continuous run stopped
14:55:11  Info:  Snapped photo
14:55:12  Info:  Saved photo
14:55:14  Info:  Continuous run started
14:55:15  Info:  Continuous run stopped
14:55:16  Info:  Snapped photo
14:55:17  Info:  Saved photo
14:55:18  Info:  Continuous run started
14:55:20  Info:  Continuous run stopped
14:55:21  Info:  Snapped photo
14:55:21  Info:  Saved photo
14:55:23  Info:  Continuous run started
14:55:24  Info:  Continuous run stopped
14:55:25  Info:  Snapped photo
14:55:26  Info:  Saved photo
14:55:27  Info:  Continuous run started
14:55:30  Info:  Continuous run stopped
14:55:31  Info:  Snapped photo
14:55:31  Info:  Saved photo
14:55:33  Info:  Continuous run started
14:55:35  Info:  Continuous run stopped
14:55:36  Info:  Snapped photo
14:55:36  Info:  Saved photo
14:55:38  Info:  Continuous run started
14:55:39  Info:  Continuous run stopped
14:55:40  Info:  Snapped photo
14:55:41  Info:  Saved photo
14:55:42  Info:  Continuous run started
14:55:44  Info:  Continuous run stopped
14:55:45  Info:  Snapped photo
14:55:45  Info:  Saved photo
14:55:46  Info:  Continuous run started
14:59:29  Info:  Continuous run stopped
14:59:37  Info:  Closing the program
